mode: set
ZendeskChallenge/cmd/list/handler.go:14.34,22.55 1 1
ZendeskChallenge/cmd/list/handler.go:22.55,25.4 2 1
ZendeskChallenge/cmd/list/handler.go:27.2,27.12 1 1
ZendeskChallenge/cmd/list/list.go:15.57,18.39 3 1
ZendeskChallenge/cmd/list/list.go:18.39,20.3 1 1
ZendeskChallenge/cmd/list/list.go:21.2,23.47 3 1
ZendeskChallenge/cmd/list/list.go:23.47,25.3 1 1
ZendeskChallenge/cmd/list/list.go:26.2,28.41 3 1
ZendeskChallenge/cmd/list/list.go:28.41,30.3 1 1
ZendeskChallenge/cmd/list/list.go:31.2,31.12 1 1
ZendeskChallenge/internal/output.go:14.91,16.20 2 0
ZendeskChallenge/internal/output.go:16.20,19.3 2 0
ZendeskChallenge/internal/output.go:20.2,21.41 2 0
ZendeskChallenge/internal/output.go:21.41,24.37 3 0
ZendeskChallenge/internal/output.go:24.37,26.37 2 0
ZendeskChallenge/internal/output.go:27.23,28.38 1 0
ZendeskChallenge/internal/output.go:28.38,30.6 1 0
ZendeskChallenge/internal/output.go:31.5,31.10 1 0
ZendeskChallenge/internal/output.go:32.12,34.10 2 0
ZendeskChallenge/internal/output.go:37.3,37.26 1 0
ZendeskChallenge/models/organizations/organizations.go:46.54,48.2 1 0
ZendeskChallenge/models/organizations/organizations.go:50.75,54.16 4 0
ZendeskChallenge/models/organizations/organizations.go:54.16,56.3 1 0
ZendeskChallenge/models/organizations/organizations.go:57.2,58.15 2 0
ZendeskChallenge/models/organizations/organizations.go:61.50,63.35 2 0
ZendeskChallenge/models/organizations/organizations.go:63.35,65.3 1 0
ZendeskChallenge/models/organizations/organizations.go:66.2,66.16 1 0
ZendeskChallenge/models/organizations/organizations.go:69.37,71.2 1 0
ZendeskChallenge/models/organizations/organizations.go:73.45,75.27 2 0
ZendeskChallenge/models/organizations/organizations.go:75.27,77.3 1 0
ZendeskChallenge/models/organizations/organizations.go:78.2,78.16 1 0
ZendeskChallenge/models/tickets/tickets.go:61.78,65.16 4 0
ZendeskChallenge/models/tickets/tickets.go:65.16,67.3 1 0
ZendeskChallenge/models/tickets/tickets.go:68.2,69.15 2 0
ZendeskChallenge/models/tickets/tickets.go:72.57,74.2 1 0
ZendeskChallenge/models/tickets/tickets.go:76.53,78.35 2 0
ZendeskChallenge/models/tickets/tickets.go:78.35,80.3 1 0
ZendeskChallenge/models/tickets/tickets.go:81.2,81.19 1 0
ZendeskChallenge/models/tickets/tickets.go:84.40,86.2 1 0
ZendeskChallenge/models/tickets/tickets.go:88.39,90.27 2 0
ZendeskChallenge/models/tickets/tickets.go:90.27,92.3 1 0
ZendeskChallenge/models/tickets/tickets.go:93.2,93.19 1 0
ZendeskChallenge/models/users/users.go:70.76,74.16 4 0
ZendeskChallenge/models/users/users.go:74.16,76.3 1 0
ZendeskChallenge/models/users/users.go:77.2,78.15 2 0
ZendeskChallenge/models/users/users.go:81.55,83.2 1 0
ZendeskChallenge/models/users/users.go:85.51,87.35 2 0
ZendeskChallenge/models/users/users.go:87.35,89.3 1 0
ZendeskChallenge/models/users/users.go:90.2,90.17 1 0
ZendeskChallenge/models/users/users.go:93.38,95.2 1 0
ZendeskChallenge/models/users/users.go:97.37,99.27 2 0
ZendeskChallenge/models/users/users.go:99.27,101.3 1 0
ZendeskChallenge/models/users/users.go:102.2,102.17 1 0
ZendeskChallenge/cmd/search/handler.go:13.36,23.2 5 1
ZendeskChallenge/cmd/search/handler.go:25.40,37.2 5 1
ZendeskChallenge/cmd/search/handler.go:39.42,51.2 5 1
ZendeskChallenge/cmd/search/handler.go:53.39,65.2 5 1
ZendeskChallenge/cmd/search/process.go:22.82,36.27 6 1
ZendeskChallenge/cmd/search/process.go:36.27,40.19 4 1
ZendeskChallenge/cmd/search/process.go:40.19,42.4 1 1
ZendeskChallenge/cmd/search/process.go:43.3,46.30 4 1
ZendeskChallenge/cmd/search/process.go:46.30,48.42 2 1
ZendeskChallenge/cmd/search/process.go:48.42,50.5 1 1
ZendeskChallenge/cmd/search/process.go:51.4,51.26 1 1
ZendeskChallenge/cmd/search/process.go:53.3,53.16 1 1
ZendeskChallenge/cmd/search/process.go:57.87,69.33 6 1
ZendeskChallenge/cmd/search/process.go:69.33,73.19 4 1
ZendeskChallenge/cmd/search/process.go:73.19,75.4 1 1
ZendeskChallenge/cmd/search/process.go:76.3,79.25 4 1
ZendeskChallenge/cmd/search/process.go:79.25,81.4 1 1
ZendeskChallenge/cmd/search/process.go:82.3,84.24 3 1
ZendeskChallenge/cmd/search/process.go:84.24,86.4 1 1
ZendeskChallenge/cmd/search/process.go:87.3,87.22 1 1
ZendeskChallenge/cmd/search/process.go:97.129,102.16 5 1
ZendeskChallenge/cmd/search/process.go:102.16,105.3 1 1
ZendeskChallenge/cmd/search/process.go:106.2,109.16 4 1
ZendeskChallenge/cmd/search/process.go:109.16,111.3 1 0
ZendeskChallenge/cmd/search/process.go:112.2,112.20 1 1
ZendeskChallenge/cmd/search/process.go:115.142,116.19 1 1
ZendeskChallenge/cmd/search/process.go:117.19,120.17 2 1
ZendeskChallenge/cmd/search/process.go:120.17,122.4 1 1
ZendeskChallenge/cmd/search/process.go:122.9,125.18 3 1
ZendeskChallenge/cmd/search/process.go:125.18,127.5 1 0
ZendeskChallenge/cmd/search/process.go:128.4,128.49 1 1
ZendeskChallenge/cmd/search/process.go:130.22,133.17 3 1
ZendeskChallenge/cmd/search/process.go:133.17,135.4 1 0
ZendeskChallenge/cmd/search/process.go:136.3,136.48 1 1
ZendeskChallenge/cmd/search/process.go:137.20,139.17 2 1
ZendeskChallenge/cmd/search/process.go:139.17,141.4 1 1
ZendeskChallenge/cmd/search/process.go:141.9,144.18 3 1
ZendeskChallenge/cmd/search/process.go:144.18,146.5 1 0
ZendeskChallenge/cmd/search/process.go:147.4,147.49 1 1
ZendeskChallenge/cmd/search/process.go:149.21,152.17 3 1
ZendeskChallenge/cmd/search/process.go:152.17,154.4 1 0
ZendeskChallenge/cmd/search/process.go:155.3,155.48 1 1
ZendeskChallenge/cmd/search/process.go:156.10,157.60 1 1
ZendeskChallenge/cmd/search/process.go:161.53,162.39 1 1
ZendeskChallenge/cmd/search/process.go:163.25,164.46 1 1
ZendeskChallenge/cmd/search/process.go:165.29,166.50 1 1
ZendeskChallenge/cmd/search/process.go:167.32,168.53 1 1
ZendeskChallenge/cmd/search/process.go:169.10,170.99 1 1
ZendeskChallenge/cmd/search/search.go:27.51,30.26 3 1
ZendeskChallenge/cmd/search/search.go:30.26,32.3 1 1
ZendeskChallenge/cmd/search/search.go:33.2,33.43 1 1
ZendeskChallenge/cmd/search/search.go:36.65,44.16 6 1
ZendeskChallenge/cmd/search/search.go:44.16,48.3 3 0
ZendeskChallenge/cmd/search/search.go:49.2,62.16 6 1
ZendeskChallenge/cmd/search/search.go:62.16,66.3 3 0
ZendeskChallenge/cmd/search/search.go:67.2,71.12 5 1
ZendeskChallenge/cmd/search/search.go:74.67,82.16 6 1
ZendeskChallenge/cmd/search/search.go:82.16,86.3 3 0
ZendeskChallenge/cmd/search/search.go:87.2,98.16 6 1
ZendeskChallenge/cmd/search/search.go:98.16,102.3 3 0
ZendeskChallenge/cmd/search/search.go:103.2,107.12 5 1
ZendeskChallenge/cmd/search/search.go:110.64,116.16 4 1
ZendeskChallenge/cmd/search/search.go:116.16,120.3 3 0
ZendeskChallenge/cmd/search/search.go:121.2,132.16 6 1
ZendeskChallenge/cmd/search/search.go:132.16,136.3 3 0
ZendeskChallenge/cmd/search/search.go:137.2,139.12 3 1
ZendeskChallenge/internal/output.go:14.91,16.20 2 1
ZendeskChallenge/internal/output.go:16.20,19.3 2 0
ZendeskChallenge/internal/output.go:20.2,21.41 2 1
ZendeskChallenge/internal/output.go:21.41,24.37 3 1
ZendeskChallenge/internal/output.go:24.37,26.37 2 1
ZendeskChallenge/internal/output.go:27.23,28.38 1 1
ZendeskChallenge/internal/output.go:28.38,30.6 1 1
ZendeskChallenge/internal/output.go:31.5,31.10 1 1
ZendeskChallenge/internal/output.go:32.12,34.10 2 1
ZendeskChallenge/internal/output.go:37.3,37.26 1 1
ZendeskChallenge/models/organizations/organizations.go:46.54,48.2 1 1
ZendeskChallenge/models/organizations/organizations.go:50.75,54.16 4 1
ZendeskChallenge/models/organizations/organizations.go:54.16,56.3 1 0
ZendeskChallenge/models/organizations/organizations.go:57.2,58.15 2 1
ZendeskChallenge/models/organizations/organizations.go:61.50,63.35 2 1
ZendeskChallenge/models/organizations/organizations.go:63.35,65.3 1 1
ZendeskChallenge/models/organizations/organizations.go:66.2,66.16 1 1
ZendeskChallenge/models/organizations/organizations.go:69.37,71.2 1 0
ZendeskChallenge/models/organizations/organizations.go:73.45,75.27 2 1
ZendeskChallenge/models/organizations/organizations.go:75.27,77.3 1 1
ZendeskChallenge/models/organizations/organizations.go:78.2,78.16 1 1
ZendeskChallenge/models/tickets/tickets.go:61.78,65.16 4 1
ZendeskChallenge/models/tickets/tickets.go:65.16,67.3 1 0
ZendeskChallenge/models/tickets/tickets.go:68.2,69.15 2 1
ZendeskChallenge/models/tickets/tickets.go:72.57,74.2 1 1
ZendeskChallenge/models/tickets/tickets.go:76.53,78.35 2 1
ZendeskChallenge/models/tickets/tickets.go:78.35,80.3 1 1
ZendeskChallenge/models/tickets/tickets.go:81.2,81.19 1 1
ZendeskChallenge/models/tickets/tickets.go:84.40,86.2 1 0
ZendeskChallenge/models/tickets/tickets.go:88.39,90.27 2 1
ZendeskChallenge/models/tickets/tickets.go:90.27,92.3 1 1
ZendeskChallenge/models/tickets/tickets.go:93.2,93.19 1 1
ZendeskChallenge/models/users/users.go:70.76,74.16 4 1
ZendeskChallenge/models/users/users.go:74.16,76.3 1 0
ZendeskChallenge/models/users/users.go:77.2,78.15 2 1
ZendeskChallenge/models/users/users.go:81.55,83.2 1 1
ZendeskChallenge/models/users/users.go:85.51,87.35 2 1
ZendeskChallenge/models/users/users.go:87.35,89.3 1 1
ZendeskChallenge/models/users/users.go:90.2,90.17 1 1
ZendeskChallenge/models/users/users.go:93.38,95.2 1 0
ZendeskChallenge/models/users/users.go:97.37,99.27 2 1
ZendeskChallenge/models/users/users.go:99.27,101.3 1 1
ZendeskChallenge/models/users/users.go:102.2,102.17 1 1
ZendeskChallenge/internal/output.go:14.91,16.20 2 0
ZendeskChallenge/internal/output.go:16.20,19.3 2 0
ZendeskChallenge/internal/output.go:20.2,21.41 2 0
ZendeskChallenge/internal/output.go:21.41,24.37 3 0
ZendeskChallenge/internal/output.go:24.37,26.37 2 0
ZendeskChallenge/internal/output.go:27.23,28.38 1 0
ZendeskChallenge/internal/output.go:28.38,30.6 1 0
ZendeskChallenge/internal/output.go:31.5,31.10 1 0
ZendeskChallenge/internal/output.go:32.12,34.10 2 0
ZendeskChallenge/internal/output.go:37.3,37.26 1 0
ZendeskChallenge/models/organizations/organizations.go:46.54,48.2 1 1
ZendeskChallenge/models/organizations/organizations.go:50.75,54.16 4 1
ZendeskChallenge/models/organizations/organizations.go:54.16,56.3 1 0
ZendeskChallenge/models/organizations/organizations.go:57.2,58.15 2 1
ZendeskChallenge/models/organizations/organizations.go:61.50,63.35 2 1
ZendeskChallenge/models/organizations/organizations.go:63.35,65.3 1 1
ZendeskChallenge/models/organizations/organizations.go:66.2,66.16 1 1
ZendeskChallenge/models/organizations/organizations.go:69.37,71.2 1 1
ZendeskChallenge/models/organizations/organizations.go:73.45,75.27 2 1
ZendeskChallenge/models/organizations/organizations.go:75.27,77.3 1 1
ZendeskChallenge/models/organizations/organizations.go:78.2,78.16 1 1
ZendeskChallenge/internal/output.go:14.91,16.20 2 0
ZendeskChallenge/internal/output.go:16.20,19.3 2 0
ZendeskChallenge/internal/output.go:20.2,21.41 2 0
ZendeskChallenge/internal/output.go:21.41,24.37 3 0
ZendeskChallenge/internal/output.go:24.37,26.37 2 0
ZendeskChallenge/internal/output.go:27.23,28.38 1 0
ZendeskChallenge/internal/output.go:28.38,30.6 1 0
ZendeskChallenge/internal/output.go:31.5,31.10 1 0
ZendeskChallenge/internal/output.go:32.12,34.10 2 0
ZendeskChallenge/internal/output.go:37.3,37.26 1 0
ZendeskChallenge/models/tickets/tickets.go:61.78,65.16 4 1
ZendeskChallenge/models/tickets/tickets.go:65.16,67.3 1 0
ZendeskChallenge/models/tickets/tickets.go:68.2,69.15 2 1
ZendeskChallenge/models/tickets/tickets.go:72.57,74.2 1 1
ZendeskChallenge/models/tickets/tickets.go:76.53,78.35 2 1
ZendeskChallenge/models/tickets/tickets.go:78.35,80.3 1 1
ZendeskChallenge/models/tickets/tickets.go:81.2,81.19 1 1
ZendeskChallenge/models/tickets/tickets.go:84.40,86.2 1 1
ZendeskChallenge/models/tickets/tickets.go:88.39,90.27 2 1
ZendeskChallenge/models/tickets/tickets.go:90.27,92.3 1 1
ZendeskChallenge/models/tickets/tickets.go:93.2,93.19 1 1
ZendeskChallenge/internal/output.go:14.91,16.20 2 1
ZendeskChallenge/internal/output.go:16.20,19.3 2 1
ZendeskChallenge/internal/output.go:20.2,21.41 2 0
ZendeskChallenge/internal/output.go:21.41,24.37 3 0
ZendeskChallenge/internal/output.go:24.37,26.37 2 0
ZendeskChallenge/internal/output.go:27.23,28.38 1 0
ZendeskChallenge/internal/output.go:28.38,30.6 1 0
ZendeskChallenge/internal/output.go:31.5,31.10 1 0
ZendeskChallenge/internal/output.go:32.12,34.10 2 0
ZendeskChallenge/internal/output.go:37.3,37.26 1 0
ZendeskChallenge/internal/output.go:14.91,16.20 2 0
ZendeskChallenge/internal/output.go:16.20,19.3 2 0
ZendeskChallenge/internal/output.go:20.2,21.41 2 0
ZendeskChallenge/internal/output.go:21.41,24.37 3 0
ZendeskChallenge/internal/output.go:24.37,26.37 2 0
ZendeskChallenge/internal/output.go:27.23,28.38 1 0
ZendeskChallenge/internal/output.go:28.38,30.6 1 0
ZendeskChallenge/internal/output.go:31.5,31.10 1 0
ZendeskChallenge/internal/output.go:32.12,34.10 2 0
ZendeskChallenge/internal/output.go:37.3,37.26 1 0
ZendeskChallenge/models/users/users.go:70.76,74.16 4 1
ZendeskChallenge/models/users/users.go:74.16,76.3 1 0
ZendeskChallenge/models/users/users.go:77.2,78.15 2 1
ZendeskChallenge/models/users/users.go:81.55,83.2 1 1
ZendeskChallenge/models/users/users.go:85.51,87.35 2 1
ZendeskChallenge/models/users/users.go:87.35,89.3 1 1
ZendeskChallenge/models/users/users.go:90.2,90.17 1 1
ZendeskChallenge/models/users/users.go:93.38,95.2 1 1
ZendeskChallenge/models/users/users.go:97.37,99.27 2 1
ZendeskChallenge/models/users/users.go:99.27,101.3 1 1
ZendeskChallenge/models/users/users.go:102.2,102.17 1 1
