mode: set
ZendeskChallenge/cmd/list/handler.go:14.34,22.55 1 1
ZendeskChallenge/cmd/list/handler.go:22.55,25.4 2 1
ZendeskChallenge/cmd/list/handler.go:27.2,27.12 1 1
ZendeskChallenge/cmd/list/list.go:15.57,18.39 3 1
ZendeskChallenge/cmd/list/list.go:18.39,20.3 1 1
ZendeskChallenge/cmd/list/list.go:21.2,23.47 3 1
ZendeskChallenge/cmd/list/list.go:23.47,25.3 1 1
ZendeskChallenge/cmd/list/list.go:26.2,28.41 3 1
ZendeskChallenge/cmd/list/list.go:28.41,30.3 1 1
ZendeskChallenge/cmd/list/list.go:31.2,31.12 1 1
ZendeskChallenge/cmd/search/handler.go:14.36,24.2 5 1
ZendeskChallenge/cmd/search/handler.go:27.40,39.2 5 1
ZendeskChallenge/cmd/search/handler.go:42.42,54.2 5 1
ZendeskChallenge/cmd/search/handler.go:57.39,69.2 5 1
ZendeskChallenge/cmd/search/process.go:25.82,39.27 6 1
ZendeskChallenge/cmd/search/process.go:39.27,43.19 4 1
ZendeskChallenge/cmd/search/process.go:43.19,45.4 1 1
ZendeskChallenge/cmd/search/process.go:46.3,49.30 4 1
ZendeskChallenge/cmd/search/process.go:49.30,51.42 2 1
ZendeskChallenge/cmd/search/process.go:51.42,53.5 1 1
ZendeskChallenge/cmd/search/process.go:54.4,54.26 1 1
ZendeskChallenge/cmd/search/process.go:56.3,56.16 1 1
ZendeskChallenge/cmd/search/process.go:63.87,75.33 6 1
ZendeskChallenge/cmd/search/process.go:75.33,79.19 4 1
ZendeskChallenge/cmd/search/process.go:79.19,81.4 1 1
ZendeskChallenge/cmd/search/process.go:82.3,85.25 4 1
ZendeskChallenge/cmd/search/process.go:85.25,87.4 1 1
ZendeskChallenge/cmd/search/process.go:88.3,90.24 3 1
ZendeskChallenge/cmd/search/process.go:90.24,92.4 1 1
ZendeskChallenge/cmd/search/process.go:93.3,93.22 1 1
ZendeskChallenge/cmd/search/process.go:105.129,110.16 5 1
ZendeskChallenge/cmd/search/process.go:110.16,112.3 1 1
ZendeskChallenge/cmd/search/process.go:113.2,116.16 4 1
ZendeskChallenge/cmd/search/process.go:116.16,118.3 1 0
ZendeskChallenge/cmd/search/process.go:119.2,119.20 1 1
ZendeskChallenge/cmd/search/process.go:126.142,127.19 1 1
ZendeskChallenge/cmd/search/process.go:128.19,131.17 2 1
ZendeskChallenge/cmd/search/process.go:131.17,133.4 1 1
ZendeskChallenge/cmd/search/process.go:133.9,136.18 3 1
ZendeskChallenge/cmd/search/process.go:136.18,138.5 1 0
ZendeskChallenge/cmd/search/process.go:139.4,139.49 1 1
ZendeskChallenge/cmd/search/process.go:141.22,144.17 3 1
ZendeskChallenge/cmd/search/process.go:144.17,146.4 1 0
ZendeskChallenge/cmd/search/process.go:147.3,147.48 1 1
ZendeskChallenge/cmd/search/process.go:148.20,150.17 2 1
ZendeskChallenge/cmd/search/process.go:150.17,152.4 1 1
ZendeskChallenge/cmd/search/process.go:152.9,155.18 3 1
ZendeskChallenge/cmd/search/process.go:155.18,157.5 1 0
ZendeskChallenge/cmd/search/process.go:158.4,158.49 1 1
ZendeskChallenge/cmd/search/process.go:160.21,163.17 3 1
ZendeskChallenge/cmd/search/process.go:163.17,165.4 1 0
ZendeskChallenge/cmd/search/process.go:166.3,166.48 1 1
ZendeskChallenge/cmd/search/process.go:167.10,168.60 1 1
ZendeskChallenge/cmd/search/process.go:179.53,180.39 1 1
ZendeskChallenge/cmd/search/process.go:181.25,182.46 1 1
ZendeskChallenge/cmd/search/process.go:183.29,184.50 1 1
ZendeskChallenge/cmd/search/process.go:185.32,186.53 1 1
ZendeskChallenge/cmd/search/process.go:187.10,188.99 1 1
ZendeskChallenge/cmd/search/search.go:33.51,36.26 3 1
ZendeskChallenge/cmd/search/search.go:36.26,38.3 1 1
ZendeskChallenge/cmd/search/search.go:39.2,39.43 1 1
ZendeskChallenge/cmd/search/search.go:48.65,56.16 6 1
ZendeskChallenge/cmd/search/search.go:56.16,60.3 3 0
ZendeskChallenge/cmd/search/search.go:61.2,74.16 6 1
ZendeskChallenge/cmd/search/search.go:74.16,78.3 3 0
ZendeskChallenge/cmd/search/search.go:79.2,83.12 5 1
ZendeskChallenge/cmd/search/search.go:92.67,100.16 6 1
ZendeskChallenge/cmd/search/search.go:100.16,104.3 3 0
ZendeskChallenge/cmd/search/search.go:105.2,116.16 6 1
ZendeskChallenge/cmd/search/search.go:116.16,120.3 3 0
ZendeskChallenge/cmd/search/search.go:121.2,125.12 5 1
ZendeskChallenge/cmd/search/search.go:134.64,140.16 4 1
ZendeskChallenge/cmd/search/search.go:140.16,144.3 3 0
ZendeskChallenge/cmd/search/search.go:145.2,156.16 6 1
ZendeskChallenge/cmd/search/search.go:156.16,160.3 3 0
ZendeskChallenge/cmd/search/search.go:161.2,163.12 3 1
ZendeskChallenge/models/tickets/tickets.go:62.78,66.16 4 1
ZendeskChallenge/models/tickets/tickets.go:66.16,68.3 1 0
ZendeskChallenge/models/tickets/tickets.go:69.2,70.15 2 1
ZendeskChallenge/models/tickets/tickets.go:74.57,76.2 1 1
ZendeskChallenge/models/tickets/tickets.go:79.53,81.35 2 1
ZendeskChallenge/models/tickets/tickets.go:81.35,83.3 1 1
ZendeskChallenge/models/tickets/tickets.go:84.2,84.19 1 1
ZendeskChallenge/models/tickets/tickets.go:88.40,90.2 1 1
ZendeskChallenge/models/tickets/tickets.go:93.39,95.27 2 1
ZendeskChallenge/models/tickets/tickets.go:95.27,97.3 1 1
ZendeskChallenge/models/tickets/tickets.go:98.2,98.19 1 1
ZendeskChallenge/models/organizations/organizations.go:47.54,49.2 1 1
ZendeskChallenge/models/organizations/organizations.go:52.75,56.16 4 1
ZendeskChallenge/models/organizations/organizations.go:56.16,58.3 1 0
ZendeskChallenge/models/organizations/organizations.go:59.2,60.15 2 1
ZendeskChallenge/models/organizations/organizations.go:64.50,66.35 2 1
ZendeskChallenge/models/organizations/organizations.go:66.35,68.3 1 1
ZendeskChallenge/models/organizations/organizations.go:69.2,69.16 1 1
ZendeskChallenge/models/organizations/organizations.go:73.37,75.2 1 1
ZendeskChallenge/models/organizations/organizations.go:78.45,80.27 2 1
ZendeskChallenge/models/organizations/organizations.go:80.27,82.3 1 1
ZendeskChallenge/models/organizations/organizations.go:83.2,83.16 1 1
ZendeskChallenge/internal/output.go:15.91,17.20 2 1
ZendeskChallenge/internal/output.go:17.20,20.3 2 1
ZendeskChallenge/internal/output.go:21.2,22.41 2 0
ZendeskChallenge/internal/output.go:22.41,25.37 3 0
ZendeskChallenge/internal/output.go:25.37,27.37 2 0
ZendeskChallenge/internal/output.go:28.23,29.38 1 0
ZendeskChallenge/internal/output.go:29.38,31.6 1 0
ZendeskChallenge/internal/output.go:32.5,32.10 1 0
ZendeskChallenge/internal/output.go:33.12,35.10 2 0
ZendeskChallenge/internal/output.go:38.3,38.26 1 0
ZendeskChallenge/models/users/users.go:71.76,75.16 4 1
ZendeskChallenge/models/users/users.go:75.16,77.3 1 0
ZendeskChallenge/models/users/users.go:78.2,79.15 2 1
ZendeskChallenge/models/users/users.go:83.55,85.2 1 1
ZendeskChallenge/models/users/users.go:88.51,90.35 2 1
ZendeskChallenge/models/users/users.go:90.35,92.3 1 1
ZendeskChallenge/models/users/users.go:93.2,93.17 1 1
ZendeskChallenge/models/users/users.go:97.38,99.2 1 1
ZendeskChallenge/models/users/users.go:102.37,104.27 2 1
ZendeskChallenge/models/users/users.go:104.27,106.3 1 1
ZendeskChallenge/models/users/users.go:107.2,107.17 1 1
